<?xml version="1.0" encoding="UTF-8"?>
<testsuites name="Amazon_TestSuite_Login" time="28.602" tests="1" failures="0" errors="0">
   <testsuite name="Amazon_TestSuite_Login" tests="1" failures="0" errors="0" time="28.602" skipped="0" timestamp="07-02-2024T22:47:19" hostname="HAMALATHA - LAPTOP-8O3TVN3C" id="Test Suites/Amazon_TestSuit_Login/Amazon_TestSuite_Login">
      <properties>
         <property name="deviceName" value=""/>
         <property name="devicePlatform" value=""/>
         <property name="logFolder" value="D:\\My folders\\Songs\\test-automate\\Reports\\20240207_224716\\Amazon_TestSuit_Login\\Amazon_TestSuite_Login\\20240207_224716"/>
         <property name="logFiles" value="D:\\My folders\\Songs\\test-automate\\Reports\\20240207_224716\\Amazon_TestSuit_Login\\Amazon_TestSuite_Login\\20240207_224716\\execution0.log"/>
         <property name="attachments" value=""/>
         <property name="hostName" value="HAMALATHA - LAPTOP-8O3TVN3C"/>
         <property name="os" value="Windows 11 64bit"/>
         <property name="katalonVersion" value="9.2.0.212"/>
         <property name="browser" value="Chrome 121.0.0.0"/>
         <property name="hostAddress" value="192.168.43.82"/>
         <property name="sessionId" value="3eba4fba3bbad3fba349f48991202d9c"/>
         <property name="seleniumVersion" value="3.141.59"/>
         <property name="proxyInformation" value="ProxyInformation { proxyOption=NO_PROXY, proxyServerType=HTTP, username=, password=********, proxyServerAddress=, proxyServerPort=0, executionList=&quot;&quot;, isApplyToDesiredCapabilities=true }"/>
         <property name="platform" value="Windows 11"/>
      </properties>
      <testcase name="Test Cases/Amazon/TC_Amazon_Login" time="28.438" classname="Test Cases/Amazon/TC_Amazon_Login" status="PASSED">
         <system-out><![CDATA[07-02-2024T22:47:19 - [TEST_CASE][PASSED] - Test Cases/Amazon/TC_Amazon_Login: Test Cases/Amazon/TC_Amazon_Login

07-02-2024T22:47:20 - [TEST_STEP][PASSED] - openBrowser(""): Browser is opened with url: ''

07-02-2024T22:47:20 - [MESSAGE][INFO] - Starting 'Chrome' driver

07-02-2024T22:47:20 - [MESSAGE][INFO] - Action delay is set to 0 milliseconds

07-02-2024T22:47:21 - [MESSAGE][PASSED] - Browser is opened with url: ''

07-02-2024T22:47:21 - [TEST_STEP][PASSED] - navigateToUrl("https://www.amazon.in/ap/signin?openid.pape.max_auth_age=0&openid.return_to=https%3A%2F%2Fwww.amazon.in%2F%3Fref_%3Dnav_custrec_signin&openid.identity=http%3A%2F%2Fspecs.openid.net%2Fauth%2F2.0%2Fidentifier_select&openid.assoc_handle=inflex&openid.mode=checkid_setup&openid.claimed_id=http%3A%2F%2Fspecs.openid.net%2Fauth%2F2.0%2Fidentifier_select&openid.ns=http%3A%2F%2Fspecs.openid.net%2Fauth%2F2.0"): Navigate to 'https://www.amazon.in/ap/signin?openid.pape.max_auth_age=0&openid.return_to=https%3A%2F%2Fwww.amazon.in%2F%3Fref_%3Dnav_custrec_signin&openid.identity=http%3A%2F%2Fspecs.openid.net%2Fauth%2F2.0%2Fidentifier_select&openid.assoc_handle=inflex&openid.mode=checkid_setup&openid.claimed_id=http%3A%2F%2Fspecs.openid.net%2Fauth%2F2.0%2Fidentifier_select&openid.ns=http%3A%2F%2Fspecs.openid.net%2Fauth%2F2.0' successfully

07-02-2024T22:47:43 - [MESSAGE][PASSED] - Navigate to 'https://www.amazon.in/ap/signin?openid.pape.max_auth_age=0&openid.return_to=https%3A%2F%2Fwww.amazon.in%2F%3Fref_%3Dnav_custrec_signin&openid.identity=http%3A%2F%2Fspecs.openid.net%2Fauth%2F2.0%2Fidentifier_select&openid.assoc_handle=inflex&openid.mode=checkid_setup&openid.claimed_id=http%3A%2F%2Fspecs.openid.net%2Fauth%2F2.0%2Fidentifier_select&openid.ns=http%3A%2F%2Fspecs.openid.net%2Fauth%2F2.0' successfully

07-02-2024T22:47:43 - [TEST_STEP][PASSED] - setText(findTestObject("Object Repository/Amazon_OR/Page_Amazon Sign In/input_Email or mobile phone number_email"), "9025922351"): Text '9025922351' is set on object 'Object Repository/Amazon_OR/Page_Amazon Sign In/input_Email or mobile phone number_email'

07-02-2024T22:47:45 - [MESSAGE][PASSED] - Text '9025922351' is set on object 'Object Repository/Amazon_OR/Page_Amazon Sign In/input_Email or mobile phone number_email'

07-02-2024T22:47:45 - [TEST_STEP][PASSED] - click(findTestObject("Object Repository/Amazon_OR/Page_Amazon Sign In/input_Enter your email or mobile phone numb_fc7402")): Object: 'Object Repository/Amazon_OR/Page_Amazon Sign In/input_Enter your email or mobile phone numb_fc7402' is clicked on

07-02-2024T22:47:46 - [MESSAGE][PASSED] - Object: 'Object Repository/Amazon_OR/Page_Amazon Sign In/input_Enter your email or mobile phone numb_fc7402' is clicked on

07-02-2024T22:47:46 - [TEST_STEP][PASSED] - setEncryptedText(findTestObject("Object Repository/Amazon_OR/Page_Amazon Sign In/input_Forgot Password_password"), "S2G0OOYZRIveMPyfCU1myw=="): Text ****** has been set on object 'Object Repository/Amazon_OR/Page_Amazon Sign In/input_Forgot Password_password'

07-02-2024T22:47:47 - [MESSAGE][PASSED] - Text ****** has been set on object 'Object Repository/Amazon_OR/Page_Amazon Sign In/input_Forgot Password_password'

07-02-2024T22:47:47 - [TEST_STEP][PASSED] - click(findTestObject("Object Repository/Amazon_OR/Page_Amazon Sign In/input_Enter your password_signInSubmit")): Object: 'Object Repository/Amazon_OR/Page_Amazon Sign In/input_Enter your password_signInSubmit' is clicked on

07-02-2024T22:47:48 - [MESSAGE][PASSED] - Object: 'Object Repository/Amazon_OR/Page_Amazon Sign In/input_Enter your password_signInSubmit' is clicked on

07-02-2024T22:47:48 - [TEST_STEP][PASSED] - closeBrowser(): Browser is closed

07-02-2024T22:47:48 - [MESSAGE][PASSED] - Browser is closed]]></system-out>
         <system-err><![CDATA[]]></system-err>
      </testcase>
      <system-out><![CDATA[07-02-2024T22:47:19 - [TEST_SUITE][PASSED] - Amazon_TestSuite_Login: Test Cases/Amazon/TC_Amazon_Login]]></system-out>
      <system-err><![CDATA[]]></system-err>
   </testsuite>
</testsuites>
