<?xml version="1.0" encoding="UTF-8"?>
<testsuites name="Amazon_Login_Test Listeners" time="64.923" tests="1" failures="0" errors="0">
   <testsuite name="Amazon_Login_Test Listeners" tests="1" failures="0" errors="0" time="64.923" skipped="0" timestamp="07-02-2024T23:26:53" hostname="HAMALATHA - LAPTOP-8O3TVN3C" id="Test Suites/Amazon_TestSuit_Login/Amazon_Login_Test Listeners">
      <properties>
         <property name="deviceName" value=""/>
         <property name="devicePlatform" value=""/>
         <property name="logFolder" value="D:\\My folders\\Songs\\test-automate\\Reports\\20240207_232650\\Amazon_TestSuit_Login\\Amazon_Login_Test Listeners\\20240207_232650"/>
         <property name="logFiles" value="D:\\My folders\\Songs\\test-automate\\Reports\\20240207_232650\\Amazon_TestSuit_Login\\Amazon_Login_Test Listeners\\20240207_232650\\execution0.log"/>
         <property name="attachments" value=""/>
         <property name="hostName" value="HAMALATHA - LAPTOP-8O3TVN3C"/>
         <property name="os" value="Windows 11 64bit"/>
         <property name="katalonVersion" value="9.2.0.212"/>
         <property name="browser" value="Chrome 121.0.0.0"/>
         <property name="hostAddress" value="192.168.43.82"/>
         <property name="sessionId" value="d82ca1b78d6eb261ba4ae8ea60d3d68b"/>
         <property name="seleniumVersion" value="3.141.59"/>
         <property name="proxyInformation" value="ProxyInformation { proxyOption=NO_PROXY, proxyServerType=HTTP, username=, password=********, proxyServerAddress=, proxyServerPort=0, executionList=&quot;&quot;, isApplyToDesiredCapabilities=true }"/>
         <property name="platform" value="Windows 11"/>
      </properties>
      <testcase name="Test Cases/Amazon/TC_Amazon_Login" time="64.735" classname="Test Cases/Amazon/TC_Amazon_Login" status="PASSED">
         <system-out><![CDATA[07-02-2024T23:26:54 - [TEST_CASE][PASSED] - Test Cases/Amazon/TC_Amazon_Login: Test Cases/Amazon/TC_Amazon_Login

07-02-2024T23:26:54 - [TEST_STEP][PASSED] - Start listener action : sampleBeforeTestCase: Navigate to 'https://www.amazon.in/ap/signin?openid.pape.max_auth_age=0&openid.return_to=https%3A%2F%2Fwww.amazon.in%2F%3Fref_%3Dnav_custrec_signin&openid.identity=http%3A%2F%2Fspecs.openid.net%2Fauth%2F2.0%2Fidentifier_select&openid.assoc_handle=inflex&openid.mode=checkid_setup&openid.claimed_id=http%3A%2F%2Fspecs.openid.net%2Fauth%2F2.0%2Fidentifier_select&openid.ns=http%3A%2F%2Fspecs.openid.net%2Fauth%2F2.0' successfully

07-02-2024T23:26:54 - [TEST_STEP][PASSED] - openBrowser(""): Browser is opened with url: ''

07-02-2024T23:26:54 - [MESSAGE][INFO] - Starting 'Chrome' driver

07-02-2024T23:26:54 - [MESSAGE][INFO] - Action delay is set to 0 milliseconds

07-02-2024T23:26:55 - [MESSAGE][PASSED] - Browser is opened with url: ''

07-02-2024T23:26:56 - [TEST_STEP][PASSED] - navigateToUrl("https://www.amazon.in/ap/signin?openid.pape.max_auth_age=0&openid.return_to=https%3A%2F%2Fwww.amazon.in%2F%3Fref_%3Dnav_custrec_signin&openid.identity=http%3A%2F%2Fspecs.openid.net%2Fauth%2F2.0%2Fidentifier_select&openid.assoc_handle=inflex&openid.mode=checkid_setup&openid.claimed_id=http%3A%2F%2Fspecs.openid.net%2Fauth%2F2.0%2Fidentifier_select&openid.ns=http%3A%2F%2Fspecs.openid.net%2Fauth%2F2.0"): Navigate to 'https://www.amazon.in/ap/signin?openid.pape.max_auth_age=0&openid.return_to=https%3A%2F%2Fwww.amazon.in%2F%3Fref_%3Dnav_custrec_signin&openid.identity=http%3A%2F%2Fspecs.openid.net%2Fauth%2F2.0%2Fidentifier_select&openid.assoc_handle=inflex&openid.mode=checkid_setup&openid.claimed_id=http%3A%2F%2Fspecs.openid.net%2Fauth%2F2.0%2Fidentifier_select&openid.ns=http%3A%2F%2Fspecs.openid.net%2Fauth%2F2.0' successfully

07-02-2024T23:26:58 - [MESSAGE][PASSED] - Navigate to 'https://www.amazon.in/ap/signin?openid.pape.max_auth_age=0&openid.return_to=https%3A%2F%2Fwww.amazon.in%2F%3Fref_%3Dnav_custrec_signin&openid.identity=http%3A%2F%2Fspecs.openid.net%2Fauth%2F2.0%2Fidentifier_select&openid.assoc_handle=inflex&openid.mode=checkid_setup&openid.claimed_id=http%3A%2F%2Fspecs.openid.net%2Fauth%2F2.0%2Fidentifier_select&openid.ns=http%3A%2F%2Fspecs.openid.net%2Fauth%2F2.0' successfully

07-02-2024T23:26:58 - [TEST_STEP][PASSED] - openBrowser(""): Browser is opened with url: ''

07-02-2024T23:26:58 - [MESSAGE][WARNING] - A browser is already opened. Closing browser and opening a new one

07-02-2024T23:26:58 - [MESSAGE][INFO] - Starting 'Chrome' driver

07-02-2024T23:26:58 - [MESSAGE][INFO] - Action delay is set to 0 milliseconds

07-02-2024T23:26:59 - [MESSAGE][PASSED] - Browser is opened with url: ''

07-02-2024T23:26:59 - [TEST_STEP][PASSED] - navigateToUrl("https://www.amazon.in/ap/signin?openid.pape.max_auth_age=0&openid.return_to=https%3A%2F%2Fwww.amazon.in%2F%3Fref_%3Dnav_custrec_signin&openid.identity=http%3A%2F%2Fspecs.openid.net%2Fauth%2F2.0%2Fidentifier_select&openid.assoc_handle=inflex&openid.mode=checkid_setup&openid.claimed_id=http%3A%2F%2Fspecs.openid.net%2Fauth%2F2.0%2Fidentifier_select&openid.ns=http%3A%2F%2Fspecs.openid.net%2Fauth%2F2.0"): Navigate to 'https://www.amazon.in/ap/signin?openid.pape.max_auth_age=0&openid.return_to=https%3A%2F%2Fwww.amazon.in%2F%3Fref_%3Dnav_custrec_signin&openid.identity=http%3A%2F%2Fspecs.openid.net%2Fauth%2F2.0%2Fidentifier_select&openid.assoc_handle=inflex&openid.mode=checkid_setup&openid.claimed_id=http%3A%2F%2Fspecs.openid.net%2Fauth%2F2.0%2Fidentifier_select&openid.ns=http%3A%2F%2Fspecs.openid.net%2Fauth%2F2.0' successfully

07-02-2024T23:27:05 - [MESSAGE][PASSED] - Navigate to 'https://www.amazon.in/ap/signin?openid.pape.max_auth_age=0&openid.return_to=https%3A%2F%2Fwww.amazon.in%2F%3Fref_%3Dnav_custrec_signin&openid.identity=http%3A%2F%2Fspecs.openid.net%2Fauth%2F2.0%2Fidentifier_select&openid.assoc_handle=inflex&openid.mode=checkid_setup&openid.claimed_id=http%3A%2F%2Fspecs.openid.net%2Fauth%2F2.0%2Fidentifier_select&openid.ns=http%3A%2F%2Fspecs.openid.net%2Fauth%2F2.0' successfully

07-02-2024T23:27:05 - [TEST_STEP][PASSED] - setText(findTestObject("Object Repository/Amazon_OR/Page_Amazon Sign In/input_Email or mobile phone number_email"), "9025922351"): Text '9025922351' is set on object 'Object Repository/Amazon_OR/Page_Amazon Sign In/input_Email or mobile phone number_email'

07-02-2024T23:27:48 - [MESSAGE][PASSED] - Text '9025922351' is set on object 'Object Repository/Amazon_OR/Page_Amazon Sign In/input_Email or mobile phone number_email'

07-02-2024T23:27:48 - [TEST_STEP][PASSED] - click(findTestObject("Object Repository/Amazon_OR/Page_Amazon Sign In/input_Enter your email or mobile phone numb_fc7402")): Object: 'Object Repository/Amazon_OR/Page_Amazon Sign In/input_Enter your email or mobile phone numb_fc7402' is clicked on

07-02-2024T23:27:57 - [MESSAGE][PASSED] - Object: 'Object Repository/Amazon_OR/Page_Amazon Sign In/input_Enter your email or mobile phone numb_fc7402' is clicked on

07-02-2024T23:27:57 - [TEST_STEP][PASSED] - setEncryptedText(findTestObject("Object Repository/Amazon_OR/Page_Amazon Sign In/input_Forgot Password_password"), "S2G0OOYZRIveMPyfCU1myw=="): Text ****** has been set on object 'Object Repository/Amazon_OR/Page_Amazon Sign In/input_Forgot Password_password'

07-02-2024T23:27:58 - [MESSAGE][PASSED] - Text ****** has been set on object 'Object Repository/Amazon_OR/Page_Amazon Sign In/input_Forgot Password_password'

07-02-2024T23:27:58 - [TEST_STEP][PASSED] - click(findTestObject("Object Repository/Amazon_OR/Page_Amazon Sign In/input_Enter your password_signInSubmit")): Object: 'Object Repository/Amazon_OR/Page_Amazon Sign In/input_Enter your password_signInSubmit' is clicked on

07-02-2024T23:27:58 - [MESSAGE][PASSED] - Object: 'Object Repository/Amazon_OR/Page_Amazon Sign In/input_Enter your password_signInSubmit' is clicked on

07-02-2024T23:27:58 - [TEST_STEP][PASSED] - closeBrowser(): Browser is closed

07-02-2024T23:27:58 - [MESSAGE][PASSED] - Browser is closed

07-02-2024T23:27:58 - [TEST_STEP][PASSED] - Start listener action : sampleAfterTestCase: Browser is closed

07-02-2024T23:27:58 - [TEST_STEP][PASSED] - closeBrowser(): Browser is closed

07-02-2024T23:27:58 - [MESSAGE][PASSED] - Browser is closed]]></system-out>
         <system-err><![CDATA[]]></system-err>
      </testcase>
      <system-out><![CDATA[07-02-2024T23:26:53 - [TEST_SUITE][PASSED] - Amazon_Login_Test Listeners: Test Cases/Amazon/TC_Amazon_Login]]></system-out>
      <system-err><![CDATA[]]></system-err>
   </testsuite>
</testsuites>
